DEBUG:paramiko.transport:starting thread (client mode): 0x6414b5e0
DEBUG:paramiko.transport:Local version/idstring: SSH-2.0-paramiko_2.11.0
DEBUG:paramiko.transport:Remote version/idstring: SSH-1.99-Cisco-1.25
INFO:paramiko.transport:Connected (version 1.99, client Cisco-1.25)
DEBUG:paramiko.transport:=== Key exchange possibilities ===
DEBUG:paramiko.transport:kex algos: diffie-hellman-group-exchange-sha1, diffie-hellman-group14-sha1, diffie-hellman-group1-sha1
DEBUG:paramiko.transport:server key: ssh-rsa
DEBUG:paramiko.transport:client encrypt: aes128-cbc, 3des-cbc, aes192-cbc, aes256-cbc
DEBUG:paramiko.transport:server encrypt: aes128-cbc, 3des-cbc, aes192-cbc, aes256-cbc
DEBUG:paramiko.transport:client mac: hmac-sha1, hmac-sha1-96, hmac-md5, hmac-md5-96
DEBUG:paramiko.transport:server mac: hmac-sha1, hmac-sha1-96, hmac-md5, hmac-md5-96
DEBUG:paramiko.transport:client compress: none
DEBUG:paramiko.transport:server compress: none
DEBUG:paramiko.transport:client lang: <none>
DEBUG:paramiko.transport:server lang: <none>
DEBUG:paramiko.transport:kex follows: False
DEBUG:paramiko.transport:=== Key exchange agreements ===
DEBUG:paramiko.transport:Kex: diffie-hellman-group-exchange-sha1
DEBUG:paramiko.transport:HostKey: ssh-rsa
DEBUG:paramiko.transport:Cipher: aes128-cbc
DEBUG:paramiko.transport:MAC: hmac-sha1
DEBUG:paramiko.transport:Compression: none
DEBUG:paramiko.transport:=== End of kex handshake ===
DEBUG:paramiko.transport:Got server p (2048 bits)
DEBUG:paramiko.transport:kex engine KexGex specified hash_algo <built-in function openssl_sha1>
DEBUG:paramiko.transport:Switch to new keys ...
DEBUG:paramiko.transport:Adding ssh-rsa host key for 10.99.99.12: b'06f7c472b4afdb800c1eca823526b734'
DEBUG:paramiko.transport:userauth is OK
INFO:paramiko.transport:Authentication (password) successful!
DEBUG:paramiko.transport:[chan 0] Max packet in: 32768 bytes
DEBUG:paramiko.transport:[chan 0] Max packet out: 4096 bytes
DEBUG:paramiko.transport:Secsh channel 0 opened.
DEBUG:paramiko.transport:[chan 0] Sesch channel 0 request ok
DEBUG:paramiko.transport:[chan 0] Sesch channel 0 request ok
DEBUG:netmiko:write_channel: b'\n'
DEBUG:netmiko:write_channel: b'terminal width 511\n'
DEBUG:netmiko:read_channel: 
R2#
R2#
DEBUG:netmiko:read_channel: terminal width 511
R2#
DEBUG:netmiko:Pattern found: (terminal width 511) 
R2#
R2#terminal width 511
DEBUG:netmiko:In disable_paging
DEBUG:netmiko:Command: terminal length 0

DEBUG:netmiko:write_channel: b'terminal length 0\n'
DEBUG:netmiko:read_channel: 
DEBUG:netmiko:read_channel: terminal length 0
R2#
DEBUG:netmiko:Pattern found: (terminal\ length\ 0) 
R2#terminal length 0
DEBUG:netmiko:
R2#terminal length 0
DEBUG:netmiko:Exiting disable_paging
DEBUG:netmiko:read_channel: 
DEBUG:netmiko:Clear buffer detects data in the channel
DEBUG:netmiko:read_channel: 
DEBUG:netmiko:write_channel: b'\n'
DEBUG:netmiko:read_channel: 
DEBUG:netmiko:read_channel: 
R2#
DEBUG:netmiko:Pattern found: (\#|>) 
R2#
DEBUG:netmiko:read_channel: 
DEBUG:netmiko:[find_prompt()]: prompt is R2#
DEBUG:netmiko:read_channel: 
DEBUG:netmiko:write_channel: b'\n'
DEBUG:netmiko:read_channel: 
R2#
DEBUG:netmiko:read_channel: 
DEBUG:netmiko:[find_prompt()]: prompt is R2#
DEBUG:netmiko:write_channel: b'show ip interfaces brief\n'
DEBUG:netmiko:read_channel: 
DEBUG:netmiko:read_channel: show ip interfaces b
DEBUG:netmiko:read_channel: rief

DEBUG:netmiko:Pattern found: (show\ ip\ interfaces\ brief) show ip interfaces brief
DEBUG:netmiko:read_channel:                     ^
% Invalid input detected at '^' marker.

R2#
DEBUG:paramiko.transport:EOF in transport thread
DEBUG:paramiko.transport:starting thread (client mode): 0x7695b5e0
DEBUG:paramiko.transport:Local version/idstring: SSH-2.0-paramiko_2.11.0
DEBUG:paramiko.transport:Remote version/idstring: SSH-1.99-Cisco-1.25
INFO:paramiko.transport:Connected (version 1.99, client Cisco-1.25)
DEBUG:paramiko.transport:=== Key exchange possibilities ===
DEBUG:paramiko.transport:kex algos: diffie-hellman-group-exchange-sha1, diffie-hellman-group14-sha1, diffie-hellman-group1-sha1
DEBUG:paramiko.transport:server key: ssh-rsa
DEBUG:paramiko.transport:client encrypt: aes128-cbc, 3des-cbc, aes192-cbc, aes256-cbc
DEBUG:paramiko.transport:server encrypt: aes128-cbc, 3des-cbc, aes192-cbc, aes256-cbc
DEBUG:paramiko.transport:client mac: hmac-sha1, hmac-sha1-96, hmac-md5, hmac-md5-96
DEBUG:paramiko.transport:server mac: hmac-sha1, hmac-sha1-96, hmac-md5, hmac-md5-96
DEBUG:paramiko.transport:client compress: none
DEBUG:paramiko.transport:server compress: none
DEBUG:paramiko.transport:client lang: <none>
DEBUG:paramiko.transport:server lang: <none>
DEBUG:paramiko.transport:kex follows: False
DEBUG:paramiko.transport:=== Key exchange agreements ===
DEBUG:paramiko.transport:Kex: diffie-hellman-group-exchange-sha1
DEBUG:paramiko.transport:HostKey: ssh-rsa
DEBUG:paramiko.transport:Cipher: aes128-cbc
DEBUG:paramiko.transport:MAC: hmac-sha1
DEBUG:paramiko.transport:Compression: none
DEBUG:paramiko.transport:=== End of kex handshake ===
DEBUG:paramiko.transport:Got server p (2048 bits)
DEBUG:paramiko.transport:kex engine KexGex specified hash_algo <built-in function openssl_sha1>
DEBUG:paramiko.transport:Switch to new keys ...
DEBUG:paramiko.transport:Adding ssh-rsa host key for 10.99.99.12: b'06f7c472b4afdb800c1eca823526b734'
DEBUG:paramiko.transport:userauth is OK
INFO:paramiko.transport:Authentication (password) successful!
DEBUG:paramiko.transport:[chan 0] Max packet in: 32768 bytes
DEBUG:paramiko.transport:[chan 0] Max packet out: 4096 bytes
DEBUG:paramiko.transport:Secsh channel 0 opened.
DEBUG:paramiko.transport:[chan 0] Sesch channel 0 request ok
DEBUG:paramiko.transport:[chan 0] Sesch channel 0 request ok
DEBUG:netmiko:write_channel: b'\n'
DEBUG:netmiko:write_channel: b'terminal width 511\n'
DEBUG:netmiko:read_channel: 
R2#
R2#
DEBUG:netmiko:read_channel: terminal wi
DEBUG:netmiko:read_channel: dth 511
R2#
DEBUG:netmiko:Pattern found: (terminal width 511) 
R2#
R2#terminal width 511
DEBUG:netmiko:In disable_paging
DEBUG:netmiko:Command: terminal length 0

DEBUG:netmiko:write_channel: b'terminal length 0\n'
DEBUG:netmiko:read_channel: 
DEBUG:netmiko:read_channel: terminal 
DEBUG:netmiko:read_channel: length 0
R2#
DEBUG:netmiko:Pattern found: (terminal\ length\ 0) 
R2#terminal length 0
DEBUG:netmiko:
R2#terminal length 0
DEBUG:netmiko:Exiting disable_paging
DEBUG:netmiko:read_channel: 
DEBUG:netmiko:Clear buffer detects data in the channel
DEBUG:netmiko:read_channel: 
DEBUG:netmiko:write_channel: b'\n'
DEBUG:netmiko:read_channel: 
DEBUG:netmiko:read_channel: 
R2#
DEBUG:netmiko:Pattern found: (\#|>) 
R2#
DEBUG:netmiko:read_channel: 
DEBUG:netmiko:[find_prompt()]: prompt is R2#
DEBUG:netmiko:read_channel: 
DEBUG:netmiko:write_channel: b'\n'
DEBUG:netmiko:read_channel: 
R2#
DEBUG:netmiko:read_channel: 
DEBUG:netmiko:[find_prompt()]: prompt is R2#
DEBUG:netmiko:write_channel: b'show ip interface brief\n'
DEBUG:netmiko:read_channel: 
DEBUG:netmiko:read_channel: show ip interface br
DEBUG:netmiko:read_channel: ief

DEBUG:netmiko:Pattern found: (show\ ip\ interface\ brief) show ip interface brief
DEBUG:netmiko:read_channel: 
DEBUG:netmiko:read_channel: 
DEBUG:netmiko:read_channel: Interface                  IP-Address      OK? Method Status                Protocol
FastEthernet0/0            10.99.99.12     YES NVRAM  up                    up      
FastEthernet1/0            unassigned      YES NVRAM  administratively down down    
FastEthernet2/0            unassigned      YES NVRAM  administratively down down    
FastEthernet3/0            unassigned      YES NVRAM  administratively down down    
FastEthernet4/0            unassigned      YES NVRAM  administratively down down    
FastEthernet5/0            unassigned      YES NVRAM  administratively down down    
FastEthernet6/0            unassigned      YES NVRAM  administratively down down    
Loopback0                  1.1.1.31        YES NVRAM  up                    up      
R2#
DEBUG:paramiko.transport:EOF in transport thread
