DEBUG:paramiko.transport:starting thread (client mode): 0x4b184670
DEBUG:paramiko.transport:Local version/idstring: SSH-2.0-paramiko_2.11.0
DEBUG:paramiko.transport:Remote version/idstring: SSH-1.99-Cisco-1.25
INFO:paramiko.transport:Connected (version 1.99, client Cisco-1.25)
DEBUG:paramiko.transport:=== Key exchange possibilities ===
DEBUG:paramiko.transport:kex algos: diffie-hellman-group-exchange-sha1, diffie-hellman-group14-sha1, diffie-hellman-group1-sha1
DEBUG:paramiko.transport:server key: ssh-rsa
DEBUG:paramiko.transport:client encrypt: aes128-ctr, aes192-ctr, aes256-ctr, aes128-cbc, 3des-cbc, aes192-cbc, aes256-cbc
DEBUG:paramiko.transport:server encrypt: aes128-ctr, aes192-ctr, aes256-ctr, aes128-cbc, 3des-cbc, aes192-cbc, aes256-cbc
DEBUG:paramiko.transport:client mac: hmac-sha1, hmac-sha1-96
DEBUG:paramiko.transport:server mac: hmac-sha1, hmac-sha1-96
DEBUG:paramiko.transport:client compress: none
DEBUG:paramiko.transport:server compress: none
DEBUG:paramiko.transport:client lang: <none>
DEBUG:paramiko.transport:server lang: <none>
DEBUG:paramiko.transport:kex follows: False
DEBUG:paramiko.transport:=== Key exchange agreements ===
DEBUG:paramiko.transport:Kex: diffie-hellman-group-exchange-sha1
DEBUG:paramiko.transport:HostKey: ssh-rsa
DEBUG:paramiko.transport:Cipher: aes128-ctr
DEBUG:paramiko.transport:MAC: hmac-sha1
DEBUG:paramiko.transport:Compression: none
DEBUG:paramiko.transport:=== End of kex handshake ===
DEBUG:paramiko.transport:Got server p (2048 bits)
DEBUG:paramiko.transport:kex engine KexGex specified hash_algo <built-in function openssl_sha1>
DEBUG:paramiko.transport:Switch to new keys ...
DEBUG:paramiko.transport:Adding ssh-rsa host key for 10.99.99.11: b'8f9aa45f43122f7806d7f1fd35b2c1a5'
DEBUG:paramiko.transport:userauth is OK
INFO:paramiko.transport:Auth banner: b"\r\n**************************************************************************\r\n* IOSv is strictly limited to use for evaluation, demonstration and IOS  *\r\n* education. IOSv is provided as-is and is not supported by Cisco's      *\r\n* Technical Advisory Center. Any use or disclosure, in whole or in part, *\r\n* of the IOSv Software or Documentation to any third party for any       *\r\n* purposes is expressly prohibited except as otherwise authorized by     *\r\n* Cisco in writing.                                                      *\r\n**************************************************************************"
INFO:paramiko.transport:Authentication (password) successful!
DEBUG:paramiko.transport:[chan 0] Max packet in: 32768 bytes
DEBUG:paramiko.transport:[chan 0] Max packet out: 4096 bytes
DEBUG:paramiko.transport:Secsh channel 0 opened.
DEBUG:paramiko.transport:[chan 0] Sesch channel 0 request ok
DEBUG:paramiko.transport:[chan 0] Sesch channel 0 request ok
DEBUG:netmiko:write_channel: b'\n'
DEBUG:netmiko:write_channel: b'terminal width 511\n'
DEBUG:netmiko:read_channel: 
**************************************************************************
* IOSv is strictly limited to use for evaluation, demonstration and IOS  *
* education. IOSv is provided as-is and is not supported by Cisco's      *
* Technical Advisory Center. Any use or disclosure, in whole or in part, *
* of the IOSv Software or Documentation to any third party for any       *
* purposes is expressly prohibited except as otherwise authorized by     *
* Cisco in writing.                                                      *
**************************************************************************
r1111#
r1111#
DEBUG:netmiko:read_channel: 
DEBUG:netmiko:read_channel: ter
DEBUG:netmiko:read_channel: minal
DEBUG:netmiko:read_channel:  wi
DEBUG:netmiko:read_channel: dth 
DEBUG:netmiko:read_channel: 511
DEBUG:netmiko:Pattern found: (terminal width 511) 
**************************************************************************
* IOSv is strictly limited to use for evaluation, demonstration and IOS  *
* education. IOSv is provided as-is and is not supported by Cisco's      *
* Technical Advisory Center. Any use or disclosure, in whole or in part, *
* of the IOSv Software or Documentation to any third party for any       *
* purposes is expressly prohibited except as otherwise authorized by     *
* Cisco in writing.                                                      *
**************************************************************************
r1111#
r1111#terminal width 511
DEBUG:netmiko:In disable_paging
DEBUG:netmiko:Command: terminal length 0

DEBUG:netmiko:write_channel: b'terminal length 0\n'
DEBUG:netmiko:read_channel: 
DEBUG:netmiko:read_channel: 
r1111#
DEBUG:netmiko:read_channel: term
DEBUG:netmiko:read_channel: ina
DEBUG:netmiko:read_channel: l le
DEBUG:netmiko:read_channel: ng
DEBUG:netmiko:read_channel: th
DEBUG:netmiko:read_channel:  0
DEBUG:netmiko:Pattern found: (terminal\ length\ 0) 
r1111#terminal length 0
DEBUG:netmiko:
r1111#terminal length 0
DEBUG:netmiko:Exiting disable_paging
DEBUG:netmiko:read_channel: 
r1111#
DEBUG:netmiko:Clear buffer detects data in the channel
DEBUG:netmiko:read_channel: 
DEBUG:netmiko:write_channel: b'\n'
DEBUG:netmiko:read_channel: 
DEBUG:netmiko:read_channel: 
r1111#
DEBUG:netmiko:Pattern found: (\#|>) 
r1111#
DEBUG:netmiko:read_channel: 
DEBUG:netmiko:[find_prompt()]: prompt is r1111#
DEBUG:netmiko:read_channel: 
DEBUG:netmiko:write_channel: b'\n'
DEBUG:netmiko:read_channel: 
r1111#
DEBUG:netmiko:read_channel: 
DEBUG:netmiko:[find_prompt()]: prompt is r1111#
DEBUG:netmiko:write_channel: b'show ip interfaces brief\n'
DEBUG:netmiko:read_channel: 
DEBUG:netmiko:read_channel: 
DEBUG:netmiko:read_channel: sho
DEBUG:netmiko:read_channel: w 
DEBUG:netmiko:read_channel: ip 
DEBUG:netmiko:read_channel: inte
DEBUG:netmiko:read_channel: rface
DEBUG:netmiko:read_channel: s br
DEBUG:netmiko:read_channel: ief

DEBUG:netmiko:Pattern found: (show\ ip\ interfaces\ brief) show ip interfaces brief
DEBUG:netmiko:read_channel: 
DEBUG:netmiko:read_channel:                        ^
% Invalid input detected at '^' marker.

r1111#
DEBUG:paramiko.transport:EOF in transport thread
DEBUG:paramiko.transport:starting thread (client mode): 0xa00f4670
DEBUG:paramiko.transport:Local version/idstring: SSH-2.0-paramiko_2.11.0
DEBUG:paramiko.transport:Remote version/idstring: SSH-1.99-Cisco-1.25
INFO:paramiko.transport:Connected (version 1.99, client Cisco-1.25)
DEBUG:paramiko.transport:=== Key exchange possibilities ===
DEBUG:paramiko.transport:kex algos: diffie-hellman-group-exchange-sha1, diffie-hellman-group14-sha1, diffie-hellman-group1-sha1
DEBUG:paramiko.transport:server key: ssh-rsa
DEBUG:paramiko.transport:client encrypt: aes128-ctr, aes192-ctr, aes256-ctr, aes128-cbc, 3des-cbc, aes192-cbc, aes256-cbc
DEBUG:paramiko.transport:server encrypt: aes128-ctr, aes192-ctr, aes256-ctr, aes128-cbc, 3des-cbc, aes192-cbc, aes256-cbc
DEBUG:paramiko.transport:client mac: hmac-sha1, hmac-sha1-96
DEBUG:paramiko.transport:server mac: hmac-sha1, hmac-sha1-96
DEBUG:paramiko.transport:client compress: none
DEBUG:paramiko.transport:server compress: none
DEBUG:paramiko.transport:client lang: <none>
DEBUG:paramiko.transport:server lang: <none>
DEBUG:paramiko.transport:kex follows: False
DEBUG:paramiko.transport:=== Key exchange agreements ===
DEBUG:paramiko.transport:Kex: diffie-hellman-group-exchange-sha1
DEBUG:paramiko.transport:HostKey: ssh-rsa
DEBUG:paramiko.transport:Cipher: aes128-ctr
DEBUG:paramiko.transport:MAC: hmac-sha1
DEBUG:paramiko.transport:Compression: none
DEBUG:paramiko.transport:=== End of kex handshake ===
DEBUG:paramiko.transport:Got server p (2048 bits)
DEBUG:paramiko.transport:kex engine KexGex specified hash_algo <built-in function openssl_sha1>
DEBUG:paramiko.transport:Switch to new keys ...
DEBUG:paramiko.transport:Adding ssh-rsa host key for 10.99.99.11: b'8f9aa45f43122f7806d7f1fd35b2c1a5'
DEBUG:paramiko.transport:userauth is OK
INFO:paramiko.transport:Auth banner: b"\r\n**************************************************************************\r\n* IOSv is strictly limited to use for evaluation, demonstration and IOS  *\r\n* education. IOSv is provided as-is and is not supported by Cisco's      *\r\n* Technical Advisory Center. Any use or disclosure, in whole or in part, *\r\n* of the IOSv Software or Documentation to any third party for any       *\r\n* purposes is expressly prohibited except as otherwise authorized by     *\r\n* Cisco in writing.                                                      *\r\n**************************************************************************"
INFO:paramiko.transport:Authentication (password) successful!
DEBUG:paramiko.transport:[chan 0] Max packet in: 32768 bytes
DEBUG:paramiko.transport:[chan 0] Max packet out: 4096 bytes
DEBUG:paramiko.transport:Secsh channel 0 opened.
DEBUG:paramiko.transport:[chan 0] Sesch channel 0 request ok
DEBUG:paramiko.transport:[chan 0] Sesch channel 0 request ok
DEBUG:netmiko:write_channel: b'\n'
DEBUG:netmiko:write_channel: b'terminal width 511\n'
DEBUG:netmiko:read_channel: 
**************************************************************************
* IOSv is strictly limited to use for evaluation, demonstration and IOS  *
* education. IOSv is provided as-is and is not supported by Cisco's      *
* Technical Advisory Center. Any use or disclosure, in whole or in part, *
* of the IOSv Software or Documentation to any third party for any       *
* purposes is expressly prohibited except as otherwise authorized by     *
* Cisco in writing.                                                      *
**************************************************************************
r1111#
r1111#
DEBUG:netmiko:read_channel: te
DEBUG:netmiko:read_channel: rm
DEBUG:netmiko:read_channel: ina
DEBUG:netmiko:read_channel: l wid
DEBUG:netmiko:read_channel: th 51
DEBUG:netmiko:read_channel: 1
r1111#
DEBUG:netmiko:Pattern found: (terminal width 511) 
**************************************************************************
* IOSv is strictly limited to use for evaluation, demonstration and IOS  *
* education. IOSv is provided as-is and is not supported by Cisco's      *
* Technical Advisory Center. Any use or disclosure, in whole or in part, *
* of the IOSv Software or Documentation to any third party for any       *
* purposes is expressly prohibited except as otherwise authorized by     *
* Cisco in writing.                                                      *
**************************************************************************
r1111#
r1111#terminal width 511
DEBUG:netmiko:In disable_paging
DEBUG:netmiko:Command: terminal length 0

DEBUG:netmiko:write_channel: b'terminal length 0\n'
DEBUG:netmiko:read_channel: 
DEBUG:netmiko:read_channel: term
DEBUG:netmiko:read_channel: inal
DEBUG:netmiko:read_channel:  len
DEBUG:netmiko:read_channel: g
DEBUG:netmiko:read_channel: th
DEBUG:netmiko:read_channel:  0
r1111#
DEBUG:netmiko:Pattern found: (terminal\ length\ 0) 
r1111#terminal length 0
DEBUG:netmiko:
r1111#terminal length 0
DEBUG:netmiko:Exiting disable_paging
DEBUG:netmiko:read_channel: 
DEBUG:netmiko:Clear buffer detects data in the channel
DEBUG:netmiko:read_channel: 
DEBUG:netmiko:write_channel: b'\n'
DEBUG:netmiko:read_channel: 
DEBUG:netmiko:read_channel: 

DEBUG:netmiko:read_channel: r1111#
DEBUG:netmiko:Pattern found: (\#|>) 
r1111#
DEBUG:netmiko:read_channel: 
DEBUG:netmiko:[find_prompt()]: prompt is r1111#
DEBUG:netmiko:read_channel: 
DEBUG:netmiko:write_channel: b'\n'
DEBUG:netmiko:read_channel: 
r1111#
DEBUG:netmiko:read_channel: 
DEBUG:netmiko:[find_prompt()]: prompt is r1111#
DEBUG:netmiko:write_channel: b'show ip interface brief\n'
DEBUG:netmiko:read_channel: 
DEBUG:netmiko:read_channel: sho
DEBUG:netmiko:read_channel: w ip
DEBUG:netmiko:read_channel:  in
DEBUG:netmiko:read_channel: terfac
DEBUG:netmiko:read_channel: e 
DEBUG:netmiko:read_channel: brie
DEBUG:netmiko:read_channel: f

DEBUG:netmiko:Pattern found: (show\ ip\ interface\ brief) show ip interface brief
DEBUG:netmiko:read_channel: Interface                  IP-Address      OK? Method Status                Protocol
GigabitEthernet0/0         10.99.99.11     YES NVRAM  up                    up      
GigabitEthernet0/1         unassigned      YES NVRAM  administratively down down    
GigabitEthernet0/2         unassigned      YES NVRAM  administratively down down    
GigabitEthernet0/3         unassigned      YES NVRAM  administratively down down    
Loopback67                 1.1.1.1         YES manual up                    up      
r1111#
DEBUG:paramiko.transport:EOF in transport thread
